#@ # 
#@ # Running pt_shell Version G-2012.06-SP2 for amd64 -- Aug 30, 2012
#@ # Date:   Sat Dec  8 14:33:25 2018
#@ # Run by: ahesham@localhost.localdomain
#@ 

source /usr/synopsys/PrimeTime/admin/setup/.synopsys_pt.setup
#@ # -- Starting source /usr/synopsys/PrimeTime/admin/setup/.synopsys_pt.setup

#@ #
#@ # .synopsys_pt.setup: Initialization File for PrimeTime
#@ #
#@ 
#@ 
#@ #
#@ # Enable stack trace output on fatal.  Not available for all architectures.
#@ #
#@ if { $sh_arch == "sparcOS5" || $sh_arch == "hpux10" ||      $sh_arch == "hp32" || $sh_arch == "linux" } {
#@   set_unix_variable SYNOPSYS_TRACE ""
#@ }
#@ 
#@ #
#@ # Variable settings
#@ #
#@ 
#@ #
#@ # Synopsys strongly recommends that you use new variable message
#@ # tracing for debugging purposes only.
#@ #
#@ set sh_new_variable_message true
#@ 
#@ #
#@ # Synopsys strongly recommends that you uncomment the following command
#@ # in order to set sh_command_abbrev_mode to the value "Command-Line-Only".
#@ # Command abbreviation is intended as an interactive convenience.  Using
#@ # abbreviations in scripts can cause commands to fail in subsequent releases.
#@ # 
#@ #set sh_command_abbrev_mode "Command-Line-Only"
#@ 
#@ #
#@ # Some useful aliases
#@ #
#@ alias list_commands		help
#@ alias report_constraints	report_constraint
#@ alias report_clocks		report_clock
#@ 
#@ #
#@ # The alias for get_clock was added when get_clock_network_objects
#@ # was introduced, as it conflicts with get_clocks (and get_clock is a
#@ # typical abbreviation for get_clocks)
#@ #
#@ alias get_clock get_clocks
#@ 
#@ 
#@ #
#@ #
#@ # The alias of q to quit is commented out.  Remove the comment 
#@ # character if you want this alias.  Some users find that having 
#@ # this particular alias causes problems when mixed with page-mode
#@ # for reports - an accidental repeated 'q' not only cancels the
#@ # output but exits the tool.
#@ #
#@ #alias q quit
#@ 
#@ # -- End source /usr/synopsys/PrimeTime/admin/setup/.synopsys_pt.setup

source -echo -verbose ./sta_max.tcl
#@ # -- Starting source ./sta_max.tcl

#@ 
#@ set link_path [list /home/standard_cell_libraries/NangateOpenCellLibrary_PDKv1_3_v2010_12/lib/Front_End/Liberty/NLDM/NangateOpenCellLibrary_ss0p95vn40c.db]
#@ 
#@ read_verilog [list ../PnR_and_synthesis/syn/output/johnson_counter.v ]
#@ 
#@ current_design johnson_counter
#@ 
#@ link
#@ 
#@ read_sdc ../PnR_and_synthesis/syn/output/johnson_counter.sdc
#@ 
#@ #read_parasitics .spef.max
#@ 
#@ set_case_analysis 0 [get_ports Reset]
#@ #set_case_analysis 0 [get_ports SCANENABLE]
#@ 
#@ report_constraint -all_violators -significant_digits 4 >  ./reports_max/johnson_PT_max.rpt 
#@ report_timing -delay_type max -nworst 40 -significant_digits 4 >  ./reports_max/johnson_PT_max_timing.rpt
#@ 
#@ write_sdf ./ouputs_max/johnson_PT_max.sdf
#@ # -- End source ./sta_max.tcl

source sta_min.tcl
#@ # -- Starting source sta_min.tcl

#@ 
#@ set link_path [list /home/standard_cell_libraries/NangateOpenCellLibrary_PDKv1_3_v2010_12/lib/Front_End/Liberty/NLDM/NangateOpenCellLibrary_ff1p25v0c.db]
#@ 
#@ read_verilog [list ../PnR_and_synthesis/syn/output/johnson_counter.v ]
#@ 
#@ current_design johnson_counter
#@ 
#@ link
#@ 
#@ read_sdc ./PnR_and_synthesis/syn/output/johnson_counter.sdc
#@ 
#@ #read_parasitics .spef.max
#@ 
#@ set_case_analysis 0 [get_ports Reset]
#@ #set_case_analysis 0 [get_ports SCANENABLE]
#@ 
#@ report_constraint -all_violators -significant_digits 4 >  ./reports_min/johnson_PT_min.rpt 
#@ report_timing -delay_type min -nworst 40 -significant_digits 4 >  ./reports_min/johnson_PT_min_timing.rpt
#@ 
#@ write_sdf ./ouputs_min/johnson_PT_min.sdf
#@ # -- End source sta_min.tcl

source sta_max.tcl
#@ # -- Starting source sta_max.tcl

#@ 
#@ set link_path [list /home/standard_cell_libraries/NangateOpenCellLibrary_PDKv1_3_v2010_12/lib/Front_End/Liberty/NLDM/NangateOpenCellLibrary_ss0p95vn40c.db]
#@ 
#@ read_verilog [list ../PnR_and_synthesis/syn/output/johnson_counter.v ]
#@ 
#@ current_design johnson_counter
#@ 
#@ link
#@ 
#@ read_sdc ../PnR_and_synthesis/syn/output/johnson_counter.sdc
#@ 
#@ #read_parasitics .spef.max
#@ 
#@ set_case_analysis 0 [get_ports Reset]
#@ #set_case_analysis 0 [get_ports SCANENABLE]
#@ 
#@ report_constraint -all_violators -significant_digits 4 >  ./reports_max/johnson_PT_max_violations.rpt 
#@ report_timing -delay_type max -nworst 40 -significant_digits 4 >  ./reports_max/johnson_PT_max_timing.rpt
#@ 
#@ write_sdf ./ouputs_max/johnson_PT_max.sdf
#@ # -- End source sta_max.tcl

source sta_min.tcl
#@ # -- Starting source sta_min.tcl

#@ 
#@ set link_path [list /home/standard_cell_libraries/NangateOpenCellLibrary_PDKv1_3_v2010_12/lib/Front_End/Liberty/NLDM/NangateOpenCellLibrary_ff1p25v0c.db]
#@ 
#@ read_verilog [list ../PnR_and_synthesis/syn/output/johnson_counter.v ]
#@ 
#@ current_design johnson_counter
#@ 
#@ link
#@ 
#@ read_sdc ./PnR_and_synthesis/syn/output/johnson_counter.sdc
#@ 
#@ #read_parasitics .spef.max
#@ 
#@ set_case_analysis 0 [get_ports Reset]
#@ #set_case_analysis 0 [get_ports SCANENABLE]
#@ 
#@ report_constraint -all_violators -significant_digits 4 >  ./reports_min/johnson_PT_min_violations.rpt 
#@ report_timing -delay_type min -nworst 40 -significant_digits 4 >  ./reports_min/johnson_PT_min_timing.rpt
#@ 
#@ write_sdf ./ouputs_min/johnson_PT_min.sdf
#@ # -- End source sta_min.tcl

