 
****************************************
Report : area
Design : johnson_counter
Version: G-2012.06-SP2
Date   : Thu Nov 29 11:10:49 2018
****************************************

Information: Updating design information... (UID-85)
Library(s) Used:

    NangateOpenCellLibrary_ss0p95vn40c (File: /home/standard_cell_libraries/NangateOpenCellLibrary_PDKv1_3_v2010_12/lib/Front_End/Liberty/NLDM/NangateOpenCellLibrary_ss0p95vn40c.db)

Number of ports:                            6
Number of nets:                             7
Number of cells:                            4
Number of combinational cells:              0
Number of sequential cells:                 4
Number of macros:                           0
Number of buf/inv:                          0
Number of references:                       1

Combinational area:          0.000000
Buf/Inv area:                0.000000
Noncombinational area:      21.280001
Net Interconnect area:      undefined  (Wire load has zero net area)

Total cell area:            21.280001
Total area:                 undefined
1
